<?xml version="1.0" encoding="UTF-8"?>
<!-- Generated by org.testng.reporters.JUnitReportReporter -->
<testsuite ignored="0" hostname="LAPTOP-HE7823DA" failures="0" tests="1" name="com.automation.testcases.LoginwithutFramework" time="10.538" errors="0" timestamp="12 Sep 2020 09:16:13 GMT" skipped="0">
  <testcase classname="com.automation.testcases.LoginwithutFramework" name="test1" time="10.538"/>
</testsuite> <!-- com.automation.testcases.LoginwithutFramework -->
