<?xml version="1.0" encoding="UTF-8"?>
<!-- Generated by org.testng.reporters.JUnitReportReporter -->
<testsuite name="com.automation.testcases.LoginTest" tests="5" time="32.526" ignored="0" failures="0" timestamp="11 Feb 2021 18:02:30 GMT" skipped="0" hostname="LAPTOP-HE7823DA" errors="0">
  <testcase name="InalidLoginApp" time="5.677" classname="com.automation.testcases.LoginTest"/>
  <testcase name="ValidLoginApp" time="8.961" classname="com.automation.testcases.LoginTest"/>
  <testcase name="InalidLoginApp" time="5.638" classname="com.automation.testcases.LoginTest"/>
  <testcase name="InalidLoginApp" time="5.617" classname="com.automation.testcases.LoginTest"/>
  <testcase name="InalidLoginApp" time="6.633" classname="com.automation.testcases.LoginTest"/>
</testsuite> <!-- com.automation.testcases.LoginTest -->
